<?xml version="1.0" encoding="UTF-8"?>
<!-- Generated by org.testng.reporters.JUnitReportReporter -->
<testsuite hostname="Ankit" failures="0" tests="1" name="test1.Login" time="8.993" errors="0" timestamp="2024-08-31T16:37:25 IST" skipped="0">
  <testcase classname="test1.Login" name="login" time="8.993"/>
</testsuite> <!-- test1.Login -->
