<?xml version="1.0" encoding="UTF-8"?>
<!-- Generated by org.testng.reporters.JUnitReportReporter -->
<testsuite hostname="Ankit" failures="0" tests="1" name="test1.AutomationTestStore" time="9.535" errors="0" timestamp="2024-08-31T15:41:01 IST" skipped="0">
  <testcase classname="test1.AutomationTestStore" name="register" time="9.535"/>
</testsuite> <!-- test1.AutomationTestStore -->
